[debug] [2023-05-28T20:49:47.247Z] ----------------------------------------------------------------------
[debug] [2023-05-28T20:49:47.248Z] Command:       C:\Program Files\nodejs\node.exe C:\Users\mrk39\AppData\Roaming\npm\node_modules\firebase-tools\lib\bin\firebase.js init
[debug] [2023-05-28T20:49:47.249Z] CLI Version:   12.2.1
[debug] [2023-05-28T20:49:47.249Z] Platform:      win32
[debug] [2023-05-28T20:49:47.249Z] Node Version:  v18.15.0
[debug] [2023-05-28T20:49:47.250Z] Time:          Sun May 28 2023 22:49:47 GMT+0200 (Central European Summer Time)
[debug] [2023-05-28T20:49:47.250Z] ----------------------------------------------------------------------
[debug] 
[debug] [2023-05-28T20:49:47.255Z] > command requires scopes: ["email","openid","https://www.googleapis.com/auth/cloudplatformprojects.readonly","https://www.googleapis.com/auth/firebase","https://www.googleapis.com/auth/cloud-platform"]
[debug] [2023-05-28T20:49:47.256Z] > authorizing via signed-in user (mahabuburrashid.khan@gmail.com)
[info] 
     ######## #### ########  ######## ########     ###     ######  ########
     ##        ##  ##     ## ##       ##     ##  ##   ##  ##       ##
     ######    ##  ########  ######   ########  #########  ######  ######
     ##        ##  ##    ##  ##       ##     ## ##     ##       ## ##
     ##       #### ##     ## ######## ########  ##     ##  ######  ########

You're about to initialize a Firebase project in this directory:

  E:\React-Pedro Tech\firebase-social-media

[info] 
=== Project Setup
[info] 
[info] First, let's associate this project directory with a Firebase project.
[info] You can create multiple project aliases by running firebase use --add, 
[info] but for now we'll just set up a default project.
[info] 
[debug] [2023-05-28T20:50:36.201Z] >>> [apiv2][query] GET https://firebase.googleapis.com/v1beta1/projects pageSize=100
[debug] [2023-05-28T20:50:36.631Z] <<< [apiv2][status] GET https://firebase.googleapis.com/v1beta1/projects 200
[debug] [2023-05-28T20:50:36.631Z] <<< [apiv2][body] GET https://firebase.googleapis.com/v1beta1/projects [omitted]
[info] i  Using project mini-social-media-project (mini-social-media-project) 
[info] 
=== Hosting Setup
[info] 
[info] Your public directory is the folder (relative to your project directory) that
[info] will contain Hosting assets to be uploaded with firebase deploy. If you
[info] have a build process for your assets, use your build's output directory.
[info] 
[info] +  Wrote public/404.html 
[debug] [2023-05-28T20:51:58.411Z] >>> [apiv2][query] GET https://www.gstatic.com/firebasejs/releases.json [none]
[debug] [2023-05-28T20:51:58.515Z] <<< [apiv2][status] GET https://www.gstatic.com/firebasejs/releases.json 200
[debug] [2023-05-28T20:51:58.516Z] <<< [apiv2][body] GET https://www.gstatic.com/firebasejs/releases.json {"current":{"version":"9.22.1","browserURL":"https://www.gstatic.com/firebasejs/9.22.1/firebase.js","packageURL":"https://www.gstatic.com/firebasejs/9.22.1/firebase.tgz"},"live":{"version":"9.22","browserURL":"https://www.gstatic.com/firebasejs/live/9.22/firebase.js","packageURL":"https://www.gstatic.com/firebasejs/live/9.22/firebase.tgz"},"components":{"analytics":"https://www.gstatic.com/firebasejs/9.22.1/firebase-analytics.js","app":"https://www.gstatic.com/firebasejs/9.22.1/firebase-app.js","app-check":"https://www.gstatic.com/firebasejs/9.22.1/firebase-app-check.js","auth":"https://www.gstatic.com/firebasejs/9.22.1/firebase-auth.js","auth/cordova":"https://www.gstatic.com/firebasejs/9.22.1/firebase-auth/cordova.js","auth/react-native":"https://www.gstatic.com/firebasejs/9.22.1/firebase-auth/react-native.js","functions":"https://www.gstatic.com/firebasejs/9.22.1/firebase-functions.js","firestore":"https://www.gstatic.com/firebasejs/9.22.1/firebase-firestore.js","firestore/lite":"https://www.gstatic.com/firebasejs/9.22.1/firebase-firestore/lite.js","installations":"https://www.gstatic.com/firebasejs/9.22.1/firebase-installations.js","storage":"https://www.gstatic.com/firebasejs/9.22.1/firebase-storage.js","performance":"https://www.gstatic.com/firebasejs/9.22.1/firebase-performance.js","remote-config":"https://www.gstatic.com/firebasejs/9.22.1/firebase-remote-config.js","messaging":"https://www.gstatic.com/firebasejs/9.22.1/firebase-messaging.js","messaging/sw":"https://www.gstatic.com/firebasejs/9.22.1/firebase-messaging/sw.js","database":"https://www.gstatic.com/firebasejs/9.22.1/firebase-database.js","firestore.memory":"https://www.gstatic.com/firebasejs/9.22.1/firebase-firestore.memory.js"}}
[info] i  Skipping write of public/index.html 
[info] 
[info] i  Detected a .git folder at E:\React-Pedro Tech\firebase-social-media 
[info] i  Authorizing with GitHub to upload your service account to a GitHub repository's secrets store. 
[info] 
[info] Visit this URL on this device to log in:
[info] https://github.com/login/oauth/authorize?client_id=89cf50f02ac6aaed3484&state=1054113322&redirect_uri=http%3A%2F%2Flocalhost%3A9005&scope=read%3Auser%20repo%20public_repo
[info] 
[info] Waiting for authentication...
[debug] [2023-05-28T20:53:11.318Z] >>> [apiv2][query] POST https://github.com/login/oauth/access_token [none]
[debug] [2023-05-28T20:53:11.318Z] >>> [apiv2][body] POST https://github.com/login/oauth/access_token [stream]
[debug] [2023-05-28T20:53:11.574Z] <<< [apiv2][status] POST https://github.com/login/oauth/access_token 200
[debug] [2023-05-28T20:53:11.574Z] <<< [apiv2][body] POST https://github.com/login/oauth/access_token {"access_token":"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","token_type":"bearer","scope":"read:user,repo"}
[debug] [2023-05-28T20:53:11.584Z] >>> [apiv2][query] GET https://api.github.com/user [none]
[debug] [2023-05-28T20:53:11.854Z] <<< [apiv2][status] GET https://api.github.com/user 200
[debug] [2023-05-28T20:53:11.854Z] <<< [apiv2][body] GET https://api.github.com/user {"login":"mahbub-khan","id":27130088,"node_id":"MDQ6VXNlcjI3MTMwMDg4","avatar_url":"https://avatars.githubusercontent.com/u/27130088?v=4","gravatar_id":"","url":"https://api.github.com/users/mahbub-khan","html_url":"https://github.com/mahbub-khan","followers_url":"https://api.github.com/users/mahbub-khan/followers","following_url":"https://api.github.com/users/mahbub-khan/following{/other_user}","gists_url":"https://api.github.com/users/mahbub-khan/gists{/gist_id}","starred_url":"https://api.github.com/users/mahbub-khan/starred{/owner}{/repo}","subscriptions_url":"https://api.github.com/users/mahbub-khan/subscriptions","organizations_url":"https://api.github.com/users/mahbub-khan/orgs","repos_url":"https://api.github.com/users/mahbub-khan/repos","events_url":"https://api.github.com/users/mahbub-khan/events{/privacy}","received_events_url":"https://api.github.com/users/mahbub-khan/received_events","type":"User","site_admin":false,"name":"Md Mahabubur Rashid Khan","company":null,"blog":"mahbub-khan.github.io/MRK","location":"Technische Universität Chemnitz","email":null,"hireable":null,"bio":null,"twitter_username":null,"public_repos":31,"public_gists":0,"followers":0,"following":0,"created_at":"2017-04-09T07:53:48Z","updated_at":"2023-04-23T11:55:02Z","private_gists":0,"total_private_repos":2,"owned_private_repos":2,"disk_usage":79966,"collaborators":1,"two_factor_authentication":false,"plan":{"name":"free","space":976562499,"collaborators":0,"private_repos":10000}}
[info] 
[info] +  Success! Logged into GitHub as mahbub-khan 
[info] 
[debug] [2023-05-28T20:55:33.559Z] >>> [apiv2][query] GET https://api.github.com/repos//mahbub-khan/firebase-mini-social-media/actions/secrets/public-key type=owner
[debug] [2023-05-28T20:56:36.070Z] >>> [apiv2][query] GET https://api.github.com/repos//mahbub-khan/firebase-mini-social-media/actions/secrets/public-key type=owner
[debug] [2023-05-28T20:56:36.420Z] >>> [apiv2][query] GET https://api.github.com/repos//actions/secrets/public-key type=owner
[debug] [2023-05-28T20:56:42.300Z] <<< [apiv2][status] GET https://api.github.com/repos//actions/secrets/public-key 404
[debug] [2023-05-28T20:56:42.300Z] <<< [apiv2][body] GET https://api.github.com/repos//actions/secrets/public-key {"message":"Not Found","documentation_url":"https://docs.github.com/rest"}
[info] 
[info] 
[error] !  The provided authorization cannot be used with this repository. If this repository is in an organization, did you remember to grant access? 
[info] 
[info] i  Action required: Visit this URL to ensure access has been granted to the appropriate organization(s) for the Firebase CLI GitHub OAuth App: 
[info] https://github.com/settings/connections/applications/89cf50f02ac6aaed3484
[info] 
[debug] [2023-05-28T20:57:15.417Z] >>> [apiv2][query] GET https://api.github.com/repos//mahbub-khan/firebase-mini-social-media/actions/secrets/public-key type=owner
[debug] [2023-05-28T20:58:22.381Z] ----------------------------------------------------------------------
[debug] [2023-05-28T20:58:22.382Z] Command:       C:\Program Files\nodejs\node.exe C:\Users\mrk39\AppData\Roaming\npm\node_modules\firebase-tools\lib\bin\firebase.js init
[debug] [2023-05-28T20:58:22.383Z] CLI Version:   12.2.1
[debug] [2023-05-28T20:58:22.383Z] Platform:      win32
[debug] [2023-05-28T20:58:22.383Z] Node Version:  v18.15.0
[debug] [2023-05-28T20:58:22.384Z] Time:          Sun May 28 2023 22:58:22 GMT+0200 (Central European Summer Time)
[debug] [2023-05-28T20:58:22.384Z] ----------------------------------------------------------------------
[debug] 
[debug] [2023-05-28T20:58:22.389Z] > command requires scopes: ["email","openid","https://www.googleapis.com/auth/cloudplatformprojects.readonly","https://www.googleapis.com/auth/firebase","https://www.googleapis.com/auth/cloud-platform"]
[debug] [2023-05-28T20:58:22.389Z] > authorizing via signed-in user (mahabuburrashid.khan@gmail.com)
[info] 
     ######## #### ########  ######## ########     ###     ######  ########
     ##        ##  ##     ## ##       ##     ##  ##   ##  ##       ##
     ######    ##  ########  ######   ########  #########  ######  ######
     ##        ##  ##    ##  ##       ##     ## ##     ##       ## ##
     ##       #### ##     ## ######## ########  ##     ##  ######  ########

You're about to initialize a Firebase project in this directory:

  E:\React-Pedro Tech\firebase-social-media

[info] 
=== Project Setup
[info] 
[info] First, let's associate this project directory with a Firebase project.
[info] You can create multiple project aliases by running firebase use --add, 
[info] but for now we'll just set up a default project.
[info] 
[debug] [2023-05-28T20:58:37.392Z] >>> [apiv2][query] GET https://firebase.googleapis.com/v1beta1/projects pageSize=100
[debug] [2023-05-28T20:58:37.905Z] <<< [apiv2][status] GET https://firebase.googleapis.com/v1beta1/projects 200
[debug] [2023-05-28T20:58:37.905Z] <<< [apiv2][body] GET https://firebase.googleapis.com/v1beta1/projects [omitted]
[info] i  Using project mini-social-media-project (mini-social-media-project) 
[info] 
=== Hosting Setup
[info] 
[info] Your public directory is the folder (relative to your project directory) that
[info] will contain Hosting assets to be uploaded with firebase deploy. If you
[info] have a build process for your assets, use your build's output directory.
[info] 
[info] +  Wrote public/404.html 
[debug] [2023-05-28T20:59:04.169Z] >>> [apiv2][query] GET https://www.gstatic.com/firebasejs/releases.json [none]
[debug] [2023-05-28T20:59:04.235Z] <<< [apiv2][status] GET https://www.gstatic.com/firebasejs/releases.json 200
[debug] [2023-05-28T20:59:04.235Z] <<< [apiv2][body] GET https://www.gstatic.com/firebasejs/releases.json {"current":{"version":"9.22.1","browserURL":"https://www.gstatic.com/firebasejs/9.22.1/firebase.js","packageURL":"https://www.gstatic.com/firebasejs/9.22.1/firebase.tgz"},"live":{"version":"9.22","browserURL":"https://www.gstatic.com/firebasejs/live/9.22/firebase.js","packageURL":"https://www.gstatic.com/firebasejs/live/9.22/firebase.tgz"},"components":{"analytics":"https://www.gstatic.com/firebasejs/9.22.1/firebase-analytics.js","app":"https://www.gstatic.com/firebasejs/9.22.1/firebase-app.js","app-check":"https://www.gstatic.com/firebasejs/9.22.1/firebase-app-check.js","auth":"https://www.gstatic.com/firebasejs/9.22.1/firebase-auth.js","auth/cordova":"https://www.gstatic.com/firebasejs/9.22.1/firebase-auth/cordova.js","auth/react-native":"https://www.gstatic.com/firebasejs/9.22.1/firebase-auth/react-native.js","functions":"https://www.gstatic.com/firebasejs/9.22.1/firebase-functions.js","firestore":"https://www.gstatic.com/firebasejs/9.22.1/firebase-firestore.js","firestore/lite":"https://www.gstatic.com/firebasejs/9.22.1/firebase-firestore/lite.js","installations":"https://www.gstatic.com/firebasejs/9.22.1/firebase-installations.js","storage":"https://www.gstatic.com/firebasejs/9.22.1/firebase-storage.js","performance":"https://www.gstatic.com/firebasejs/9.22.1/firebase-performance.js","remote-config":"https://www.gstatic.com/firebasejs/9.22.1/firebase-remote-config.js","messaging":"https://www.gstatic.com/firebasejs/9.22.1/firebase-messaging.js","messaging/sw":"https://www.gstatic.com/firebasejs/9.22.1/firebase-messaging/sw.js","database":"https://www.gstatic.com/firebasejs/9.22.1/firebase-database.js","firestore.memory":"https://www.gstatic.com/firebasejs/9.22.1/firebase-firestore.memory.js"}}
[info] i  Skipping write of public/index.html 
[info] 
[info] i  Detected a .git folder at E:\React-Pedro Tech\firebase-social-media 
[info] i  Authorizing with GitHub to upload your service account to a GitHub repository's secrets store. 
[info] 
[info] Visit this URL on this device to log in:
[info] https://github.com/login/oauth/authorize?client_id=89cf50f02ac6aaed3484&state=27822266&redirect_uri=http%3A%2F%2Flocalhost%3A9005&scope=read%3Auser%20repo%20public_repo
[info] 
[info] Waiting for authentication...
[debug] [2023-05-28T20:59:28.662Z] >>> [apiv2][query] POST https://github.com/login/oauth/access_token [none]
[debug] [2023-05-28T20:59:28.662Z] >>> [apiv2][body] POST https://github.com/login/oauth/access_token [stream]
[debug] [2023-05-28T20:59:30.048Z] <<< [apiv2][status] POST https://github.com/login/oauth/access_token 200
[debug] [2023-05-28T20:59:30.048Z] <<< [apiv2][body] POST https://github.com/login/oauth/access_token {"access_token":"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","token_type":"bearer","scope":"read:user,repo"}
[debug] [2023-05-28T20:59:30.056Z] >>> [apiv2][query] GET https://api.github.com/user [none]
[debug] [2023-05-28T20:59:30.371Z] <<< [apiv2][status] GET https://api.github.com/user 200
[debug] [2023-05-28T20:59:30.371Z] <<< [apiv2][body] GET https://api.github.com/user {"login":"mahbub-khan","id":27130088,"node_id":"MDQ6VXNlcjI3MTMwMDg4","avatar_url":"https://avatars.githubusercontent.com/u/27130088?v=4","gravatar_id":"","url":"https://api.github.com/users/mahbub-khan","html_url":"https://github.com/mahbub-khan","followers_url":"https://api.github.com/users/mahbub-khan/followers","following_url":"https://api.github.com/users/mahbub-khan/following{/other_user}","gists_url":"https://api.github.com/users/mahbub-khan/gists{/gist_id}","starred_url":"https://api.github.com/users/mahbub-khan/starred{/owner}{/repo}","subscriptions_url":"https://api.github.com/users/mahbub-khan/subscriptions","organizations_url":"https://api.github.com/users/mahbub-khan/orgs","repos_url":"https://api.github.com/users/mahbub-khan/repos","events_url":"https://api.github.com/users/mahbub-khan/events{/privacy}","received_events_url":"https://api.github.com/users/mahbub-khan/received_events","type":"User","site_admin":false,"name":"Md Mahabubur Rashid Khan","company":null,"blog":"mahbub-khan.github.io/MRK","location":"Technische Universität Chemnitz","email":null,"hireable":null,"bio":null,"twitter_username":null,"public_repos":31,"public_gists":0,"followers":0,"following":0,"created_at":"2017-04-09T07:53:48Z","updated_at":"2023-04-23T11:55:02Z","private_gists":0,"total_private_repos":2,"owned_private_repos":2,"disk_usage":79966,"collaborators":1,"two_factor_authentication":false,"plan":{"name":"free","space":976562499,"collaborators":0,"private_repos":10000}}
[info] 
[info] +  Success! Logged into GitHub as mahbub-khan 
[info] 
[debug] [2023-05-28T21:00:51.659Z] >>> [apiv2][query] GET https://api.github.com/repos/mahbub-khan/firebase-mini-social-media/actions/secrets/public-key type=owner
[debug] [2023-05-28T21:01:29.982Z] >>> [apiv2][query] GET https://api.github.com/repos/mahbub-khan/firebase-mini-social-media/actions/secrets/public-key type=owner
[debug] [2023-05-28T21:01:30.281Z] >>> [apiv2][query] GET https://api.github.com/repos//actions/secrets/public-key type=owner
[debug] [2023-05-28T21:01:30.450Z] >>> [apiv2][query] GET https://api.github.com/repos//actions/secrets/public-key type=owner
[debug] [2023-05-28T21:01:30.608Z] >>> [apiv2][query] GET https://api.github.com/repos//actions/secrets/public-key type=owner
[debug] [2023-05-28T21:01:30.764Z] >>> [apiv2][query] GET https://api.github.com/repos//actions/secrets/public-key type=owner
[debug] [2023-05-28T21:01:30.936Z] >>> [apiv2][query] GET https://api.github.com/repos//actions/secrets/public-key type=owner
[debug] [2023-05-28T21:01:31.103Z] >>> [apiv2][query] GET https://api.github.com/repos/mahbub-khan/firebase-mini-social-media/actions/secrets/public-key type=owner
[debug] [2023-05-28T21:01:31.286Z] >>> [apiv2][query] GET https://api.github.com/repos/mahbub-khan/firebase-mini-social-media/actions/secrets/public-key type=owner
[debug] [2023-05-28T21:01:31.472Z] >>> [apiv2][query] GET https://api.github.com/repos//actions/secrets/public-key type=owner
[debug] [2023-05-28T21:01:31.646Z] >>> [apiv2][query] GET https://api.github.com/repos//actions/secrets/public-key type=owner
[debug] [2023-05-28T21:01:54.053Z] <<< [apiv2][status] GET https://api.github.com/repos//actions/secrets/public-key 404
[debug] [2023-05-28T21:01:54.053Z] <<< [apiv2][body] GET https://api.github.com/repos//actions/secrets/public-key {"message":"Not Found","documentation_url":"https://docs.github.com/rest"}
[info] 
[info] 
[error] !  The provided authorization cannot be used with this repository. If this repository is in an organization, did you remember to grant access? 
[info] 
[info] i  Action required: Visit this URL to ensure access has been granted to the appropriate organization(s) for the Firebase CLI GitHub OAuth App: 
[info] https://github.com/settings/connections/applications/89cf50f02ac6aaed3484
[info] 
[debug] [2023-05-28T21:08:29.815Z] >>> [apiv2][query] GET https://api.github.com/repos/mahbub-khan/firebase-mini-social-mediamahbub-khan/firebase-mini-social-mediamahbub-khan/firebase-mini-social-media/actions/secrets/public-key type=owner
[debug] [2023-05-28T21:08:33.934Z] <<< [apiv2][status] GET https://api.github.com/repos/mahbub-khan/firebase-mini-social-mediamahbub-khan/firebase-mini-social-mediamahbub-khan/firebase-mini-social-media/actions/secrets/public-key 404
[debug] [2023-05-28T21:08:33.934Z] <<< [apiv2][body] GET https://api.github.com/repos/mahbub-khan/firebase-mini-social-mediamahbub-khan/firebase-mini-social-mediamahbub-khan/firebase-mini-social-media/actions/secrets/public-key {"message":"Not Found","documentation_url":"https://docs.github.com/rest"}
[info] 
[info] 
[error] !  The provided authorization cannot be used with this repository. If this repository is in an organization, did you remember to grant access? 
[info] 
[info] i  Action required: Visit this URL to ensure access has been granted to the appropriate organization(s) for the Firebase CLI GitHub OAuth App: 
[info] https://github.com/settings/connections/applications/89cf50f02ac6aaed3484
[info] 
[debug] [2023-05-28T21:08:58.042Z] ----------------------------------------------------------------------
[debug] [2023-05-28T21:08:58.043Z] Command:       C:\Program Files\nodejs\node.exe C:\Users\mrk39\AppData\Roaming\npm\node_modules\firebase-tools\lib\bin\firebase.js init
[debug] [2023-05-28T21:08:58.044Z] CLI Version:   12.2.1
[debug] [2023-05-28T21:08:58.044Z] Platform:      win32
[debug] [2023-05-28T21:08:58.044Z] Node Version:  v18.15.0
[debug] [2023-05-28T21:08:58.045Z] Time:          Sun May 28 2023 23:08:58 GMT+0200 (Central European Summer Time)
[debug] [2023-05-28T21:08:58.045Z] ----------------------------------------------------------------------
[debug] 
[debug] [2023-05-28T21:08:58.050Z] > command requires scopes: ["email","openid","https://www.googleapis.com/auth/cloudplatformprojects.readonly","https://www.googleapis.com/auth/firebase","https://www.googleapis.com/auth/cloud-platform"]
[debug] [2023-05-28T21:08:58.051Z] > authorizing via signed-in user (mahabuburrashid.khan@gmail.com)
[info] 
     ######## #### ########  ######## ########     ###     ######  ########
     ##        ##  ##     ## ##       ##     ##  ##   ##  ##       ##
     ######    ##  ########  ######   ########  #########  ######  ######
     ##        ##  ##    ##  ##       ##     ## ##     ##       ## ##
     ##       #### ##     ## ######## ########  ##     ##  ######  ########

You're about to initialize a Firebase project in this directory:

  E:\React-Pedro Tech\firebase-social-media

[info] 
=== Project Setup
[info] 
[info] First, let's associate this project directory with a Firebase project.
[info] You can create multiple project aliases by running firebase use --add, 
[info] but for now we'll just set up a default project.
[info] 
[debug] [2023-05-28T21:09:08.203Z] >>> [apiv2][query] GET https://firebase.googleapis.com/v1beta1/projects pageSize=100
[debug] [2023-05-28T21:09:08.716Z] <<< [apiv2][status] GET https://firebase.googleapis.com/v1beta1/projects 200
[debug] [2023-05-28T21:09:08.717Z] <<< [apiv2][body] GET https://firebase.googleapis.com/v1beta1/projects [omitted]
[info] i  Using project mini-social-media-project (mini-social-media-project) 
[info] 
=== Hosting Setup
[info] 
[info] Your public directory is the folder (relative to your project directory) that
[info] will contain Hosting assets to be uploaded with firebase deploy. If you
[info] have a build process for your assets, use your build's output directory.
[info] 
[info] +  Wrote public/404.html 
[debug] [2023-05-28T21:09:32.156Z] >>> [apiv2][query] GET https://www.gstatic.com/firebasejs/releases.json [none]
[debug] [2023-05-28T21:09:32.243Z] <<< [apiv2][status] GET https://www.gstatic.com/firebasejs/releases.json 200
[debug] [2023-05-28T21:09:32.244Z] <<< [apiv2][body] GET https://www.gstatic.com/firebasejs/releases.json {"current":{"version":"9.22.1","browserURL":"https://www.gstatic.com/firebasejs/9.22.1/firebase.js","packageURL":"https://www.gstatic.com/firebasejs/9.22.1/firebase.tgz"},"live":{"version":"9.22","browserURL":"https://www.gstatic.com/firebasejs/live/9.22/firebase.js","packageURL":"https://www.gstatic.com/firebasejs/live/9.22/firebase.tgz"},"components":{"analytics":"https://www.gstatic.com/firebasejs/9.22.1/firebase-analytics.js","app":"https://www.gstatic.com/firebasejs/9.22.1/firebase-app.js","app-check":"https://www.gstatic.com/firebasejs/9.22.1/firebase-app-check.js","auth":"https://www.gstatic.com/firebasejs/9.22.1/firebase-auth.js","auth/cordova":"https://www.gstatic.com/firebasejs/9.22.1/firebase-auth/cordova.js","auth/react-native":"https://www.gstatic.com/firebasejs/9.22.1/firebase-auth/react-native.js","functions":"https://www.gstatic.com/firebasejs/9.22.1/firebase-functions.js","firestore":"https://www.gstatic.com/firebasejs/9.22.1/firebase-firestore.js","firestore/lite":"https://www.gstatic.com/firebasejs/9.22.1/firebase-firestore/lite.js","installations":"https://www.gstatic.com/firebasejs/9.22.1/firebase-installations.js","storage":"https://www.gstatic.com/firebasejs/9.22.1/firebase-storage.js","performance":"https://www.gstatic.com/firebasejs/9.22.1/firebase-performance.js","remote-config":"https://www.gstatic.com/firebasejs/9.22.1/firebase-remote-config.js","messaging":"https://www.gstatic.com/firebasejs/9.22.1/firebase-messaging.js","messaging/sw":"https://www.gstatic.com/firebasejs/9.22.1/firebase-messaging/sw.js","database":"https://www.gstatic.com/firebasejs/9.22.1/firebase-database.js","firestore.memory":"https://www.gstatic.com/firebasejs/9.22.1/firebase-firestore.memory.js"}}
